<?xml version="1.0" encoding="UTF-8"?>
<testsuite xmlns:xsi="http://www.w3.org/2001/XMLSchema-instance" xsi:noNamespaceSchemaLocation="https://maven.apache.org/surefire/maven-surefire-plugin/xsd/surefire-test-report-3.0.xsd" version="3.0" name="com.example.backend.PersonalWebsiteBackendApplicationTests" time="4.216" tests="1" errors="0" skipped="0" failures="0">
  <properties>
[...]
</properties>
  <testcase name="contextLoads" classname="com.example.backend.PersonalWebsiteBackendApplicationTests" time="0.829">
    <system-out><![CDATA[21:43:45.488 [main] INFO org.springframework.test.context.support.AnnotationConfigContextLoaderUtils -- Could not detect default configuration classes for test class [com.example.backend.PersonalWebsiteBackendApplicationTests]: PersonalWebsiteBackendApplicationTests does not declare any static, non-private, non-final, nested classes annotated with @Configuration.
21:43:45.603 [main] INFO org.springframework.boot.test.context.SpringBootTestContextBootstrapper -- Found @SpringBootConfiguration com.example.backend.PersonalWebsiteBackendApplication for test class com.example.backend.PersonalWebsiteBackendApplicationTests

  .   ____          _            __ _ _
 /\\ / ___'_ __ _ _(_)_ __  __ _ \ \ \ \
( ( )\___ | '_ | '_| | '_ \/ _` | \ \ \ \
 \\/  ___)| |_)| | | | | || (_| |  ) ) ) )
  '  |____| .__|_| |_|_| |_\__, | / / / /
 =========|_|==============|___/=/_/_/_/
 :: Spring Boot ::                (v3.2.4)

2024-03-22T21:43:46.051Z  INFO 34308 --- [Personal Website Backend] [           main] b.PersonalWebsiteBackendApplicationTests : Starting PersonalWebsiteBackendApplicationTests using Java 17.0.10 with PID 34308 (started by rdvz in /Users/rdvz/gcp-sandbox/megaproject/backend/personalBackend)
2024-03-22T21:43:46.052Z  INFO 34308 --- [Personal Website Backend] [           main] b.PersonalWebsiteBackendApplicationTests : No active profile set, falling back to 1 default profile: "default"
2024-03-22T21:43:46.577Z  INFO 34308 --- [Personal Website Backend] [           main] .s.d.r.c.RepositoryConfigurationDelegate : Bootstrapping Spring Data Firestore-reactive repositories in DEFAULT mode.
2024-03-22T21:43:46.598Z  INFO 34308 --- [Personal Website Backend] [           main] .s.d.r.c.RepositoryConfigurationDelegate : Finished Spring Data repository scanning in 15 ms. Found 0 Firestore-reactive repository interfaces.
2024-03-22T21:43:47.413Z  INFO 34308 --- [Personal Website Backend] [           main] c.g.c.s.core.DefaultCredentialsProvider  : Default credentials provider for user 764086051850-6qr4p6gpi6hn506pt8ejuq83di341hur.apps.googleusercontent.com
2024-03-22T21:43:47.413Z  INFO 34308 --- [Personal Website Backend] [           main] c.g.c.s.core.DefaultCredentialsProvider  : Scopes in use by default credentials: [https://www.googleapis.com/auth/pubsub, https://www.googleapis.com/auth/spanner.admin, https://www.googleapis.com/auth/spanner.data, https://www.googleapis.com/auth/datastore, https://www.googleapis.com/auth/sqlservice.admin, https://www.googleapis.com/auth/devstorage.read_only, https://www.googleapis.com/auth/devstorage.read_write, https://www.googleapis.com/auth/cloudruntimeconfig, https://www.googleapis.com/auth/trace.append, https://www.googleapis.com/auth/cloud-platform, https://www.googleapis.com/auth/cloud-vision, https://www.googleapis.com/auth/bigquery, https://www.googleapis.com/auth/monitoring.write]
2024-03-22T21:43:47.497Z  INFO 34308 --- [Personal Website Backend] [           main] c.g.c.s.a.c.GcpContextAutoConfiguration  : The default project ID is symbolic-datum-416912
2024-03-22T21:43:48.668Z  INFO 34308 --- [Personal Website Backend] [           main] b.PersonalWebsiteBackendApplicationTests : Started PersonalWebsiteBackendApplicationTests in 2.877 seconds (process running for 3.977)
]]></system-out>
  </testcase>
</testsuite>